25 15 9 5 4 1 2 3 7 6 8 10 12 11 13 14 20 17 16 18 19 24 22 21 23 27 26 
5 4 3 2 1 25 14 6 7 10 9 8 11 13 12 23 15 16 20 17 18 19 22 21 24 26 
3 2 1 22 17 11 5 4 9 8 6 7 10 12 15 14 13 16 21 18 20 19 26 24 23 25 
45 8 5 4 3 2 1 7 6 29 19 12 11 10 9 14 13 15 17 16 18 25 21 20 23 22 24 27 26 28 31 30 35 33 32 34 42 40 37 36 38 39 41 43 44 46 
4 1 3 2 20 8 7 5 6 13 10 9 11 12 18 14 15 16 17 19 33 23 22 21 25 24 32 26 30 27 29 28 31 37 36 34 35 38 40 39 41 
6 1 5 2 3 4 12 9 8 7 11 10 13 15 14 
17 8 6 4 2 1 3 5 7 10 9 13 12 11 15 14 16 22 20 18 19 21 23 
1 20 14 9 8 2 6 4 3 5 7 11 10 12 13 19 17 16 15 18 21 
35 30 18 16 1 7 6 2 5 3 4 13 10 9 8 12 11 14 15 17 25 24 20 19 23 22 21 28 27 26 29 31 33 32 34 39 36 37 38 40 
9 6 1 3 2 5 4 8 7 11 10 
16 8 1 2 4 3 6 5 7 9 14 13 11 10 12 15 33 24 19 18 17 21 20 23 22 28 27 25 26 32 29 30 31 36 34 35 40 39 38 37 46 42 41 43 45 44 
28 2 1 11 9 4 3 7 6 5 8 10 12 24 15 13 14 20 17 16 18 19 23 21 22 25 27 26 29 
38 35 11 10 6 4 1 3 2 5 7 8 9 19 13 12 16 15 14 18 17 28 27 21 20 25 23 22 24 26 34 33 32 31 29 30 36 37 39 40 
6 4 1 3 2 5 14 10 9 8 7 11 13 12 15 17 16 18 19 
5 2 1 3 4 14 9 8 7 6 10 13 12 11 28 18 15 16 17 26 25 24 20 19 21 23 22 27 40 37 36 29 34 30 33 31 32 35 39 38 47 45 44 42 41 43 46 49 48 
29 6 5 2 1 4 3 8 7 18 13 12 9 10 11 16 14 15 17 26 21 20 19 22 25 24 23 28 27 
35 34 23 15 13 10 7 6 1 2 3 4 5 8 9 12 11 14 17 16 22 20 19 18 21 30 27 26 24 25 29 28 32 31 33 42 41 40 36 38 37 39 43 
26 8 7 6 3 1 2 5 4 17 15 12 10 9 11 14 13 16 19 18 24 20 23 22 21 25 30 27 28 29 35 31 32 33 34 36 
23 3 2 1 15 11 10 7 4 6 5 9 8 14 12 13 16 21 20 18 17 19 22 28 24 26 25 27 30 29 31 
5 3 2 1 4 11 7 6 9 8 10 14 13 12 
