5 4 3 1 2 
5 4 1 2 3 
5 4 3 2 1 
5 4 1 2 3 
13 12 11 8 7 10 2 3 1 6 5 4 9 
7 4 6 3 2 5 1 
100 99 95 98 97 88 94 96 93 90 91 86 76 92 66 77 89 78 85 81 87 69 79 84 83 73 45 39 70 48 26 50 42 56 67 65 74 63 75 51 71 68 80 52 61 47 72 60 27 82 43 9 54 34 29 4 28 38 23 12 24 3 6 5 32 25 35 19 41 11 40 13 20 36 46 17 10 62 33 8 22 16 58 59 64 55 2 18 44 7 31 1 15 37 57 49 53 21 14 30 
8 4 7 2 3 6 5 1 
12 11 10 8 5 9 4 6 3 2 1 7 
37 34 36 31 27 32 35 23 21 15 14 25 26 33 29 22 13 10 17 7 5 2 4 18 1 24 16 3 30 28 19 20 8 12 11 6 9 
37 36 34 33 35 30 31 28 32 26 25 12 16 29 27 20 21 18 23 24 15 10 5 7 11 8 4 22 6 19 2 14 1 9 17 13 3 
34 33 31 30 32 26 25 28 21 20 29 24 18 23 14 27 16 11 17 12 5 22 8 9 19 4 13 3 6 10 1 2 15 7 
18 17 16 15 14 7 12 13 8 4 11 1 5 9 10 3 2 6 
34 32 33 31 30 29 27 28 24 14 19 17 22 26 20 23 9 5 10 2 3 18 13 15 16 4 1 25 11 8 7 21 12 6 
65 64 63 58 61 59 62 46 51 60 57 55 44 54 50 45 39 23 49 42 28 47 56 38 53 41 30 52 29 36 35 43 12 37 21 9 17 33 22 19 8 10 5 1 31 18 48 2 32 25 11 40 7 6 20 14 34 13 15 4 24 27 26 3 16 
41 40 39 33 38 36 34 32 30 37 23 15 29 26 18 31 27 13 24 21 35 14 12 4 5 25 22 1 9 17 7 19 28 3 20 2 11 10 16 6 8 
10 7 9 6 5 1 8 2 3 4 
84 83 80 81 82 79 78 74 70 65 75 73 72 77 60 64 68 55 69 40 48 71 63 26 62 61 35 54 76 59 29 58 46 67 49 43 51 66 44 30 34 18 4 50 45 24 33 8 5 27 38 42 15 31 14 17 52 22 37 11 41 28 6 23 12 19 32 53 56 47 1 36 3 13 7 10 57 39 20 16 25 21 2 9 
92 90 91 87 86 89 88 83 84 82 69 85 71 81 63 78 79 67 80 76 68 59 34 7 44 66 40 48 53 62 58 73 72 74 27 50 52 77 51 60 75 61 64 46 55 29 12 1 6 43 4 49 17 19 24 30 35 47 8 54 18 5 41 70 14 36 65 11 32 3 2 20 25 21 38 31 13 9 45 56 23 16 42 57 10 26 37 39 22 33 28 15 
40 39 38 37 33 32 36 34 35 31 28 30 21 29 17 25 20 9 27 23 19 14 8 6 7 5 2 22 15 13 4 10 11 18 16 1 3 24 26 12 
51 50 49 46 48 43 44 37 42 47 45 33 40 38 39 18 30 24 34 28 35 36 41 26 19 7 4 2 32 20 31 14 5 29 16 15 21 13 27 11 10 6 23 17 8 1 22 3 25 12 9 
47 45 46 41 44 42 33 40 35 43 34 38 37 31 24 17 39 28 18 26 27 32 30 36 22 7 23 15 29 2 19 1 13 12 14 6 5 3 16 11 25 4 21 20 9 10 8 
34 33 32 28 30 31 26 20 16 13 29 24 27 14 25 17 4 8 12 5 3 11 23 22 18 10 19 7 1 6 21 9 15 2 
33 32 30 31 27 26 29 28 19 13 20 21 25 18 23 22 5 7 2 8 10 15 6 1 16 24 4 14 9 3 11 17 12 
